<?xml version="1.0" encoding="UTF-8"?>
<!-- Generated by org.testng.reporters.JUnitXMLReporter -->
<testsuite ignored="7" hostname="Estefanias-MBP" failures="0" tests="9" name="Command line test" time="14.431" errors="0" timestamp="2020-08-03T21:30:14 ART">
  <testcase classname="myTests.TestAsserts" name="isEqualChar" time="0.007"/>
  <testcase classname="myTests.TestAsserts" name="isEqualNumber" time="0.0"/>
  <testcase classname="myTests.TestAsserts" name="isFalse" time="0.0"/>
  <testcase classname="myTests.TestAsserts" name="isNotEqual" time="0.001"/>
  <testcase classname="myTests.TestAsserts" name="isNotNull" time="0.0"/>
  <testcase classname="myTests.TestAsserts" name="isNull" time="0.0"/>
  <testcase classname="myTests.TestAsserts" name="isTrue" time="0.0"/>
  <testcase classname="myTests.TestSoftAsserts" name="softAsserts" time="0.005"/>
  <testcase classname="myTests.TestSearch" name="clickOnCheckboxByText" time="6.03"/>
  <testcase classname="myTests.TestSearch" name="searchNoresults" time="0.0">
    <ignored/>
  </testcase> <!-- searchNoresults -->
  <testcase classname="myTests.TestSearch" name="clickOnCheckboxByIndex" time="0.0">
    <ignored/>
  </testcase> <!-- clickOnCheckboxByIndex -->
  <testcase classname="myTests.TestSelectOrder" name="selectByVisibleText" time="0.0">
    <ignored/>
  </testcase> <!-- selectByVisibleText -->
  <testcase classname="myTests.TestSearch" name="searchTshirts" time="0.0">
    <ignored/>
  </testcase> <!-- searchTshirts -->
  <testcase classname="myTests.TestSearch" name="searchDresses" time="0.0">
    <ignored/>
  </testcase> <!-- searchDresses -->
  <testcase classname="myTests.TestSearch" name="clickOnFirstCheckbox" time="0.0">
    <ignored/>
  </testcase> <!-- clickOnFirstCheckbox -->
  <testcase classname="myTests.TestSearch" name="clickOnAllCheckboxes" time="0.0">
    <ignored/>
  </testcase> <!-- clickOnAllCheckboxes -->
</testsuite> <!-- Command line test -->
