<?xml version="1.0" encoding="UTF-8"?>
<testng-results ignored="0" total="3" passed="3" failed="0" skipped="0">
  <reporter-output>
  </reporter-output>
  <suite started-at="2020-07-22T19:47:38 ART" name="myTests.TestSearch" finished-at="2020-07-22T19:48:13 ART" duration-ms="34915">
    <groups>
    </groups>
    <test started-at="2020-07-22T19:47:38 ART" name="Command line test" finished-at="2020-07-22T19:48:13 ART" duration-ms="34915">
      <class name="myTests.TestSearch">
        <test-method is-config="true" signature="setUp()[pri:0, instance:myTests.TestSearch@3cb1ffe6]" started-at="2020-07-22T19:47:38 ART" name="setUp" finished-at="2020-07-22T19:47:46 ART" duration-ms="7783" status="PASS">
          <reporter-output>
          </reporter-output>
        </test-method> <!-- setUp -->
        <test-method signature="search()[pri:0, instance:myTests.TestSearch@3cb1ffe6]" started-at="2020-07-22T19:47:46 ART" name="search" finished-at="2020-07-22T19:47:50 ART" duration-ms="4187" status="PASS">
          <reporter-output>
          </reporter-output>
        </test-method> <!-- search -->
        <test-method is-config="true" signature="tearDown()[pri:0, instance:myTests.TestSearch@3cb1ffe6]" started-at="2020-07-22T19:47:50 ART" name="tearDown" finished-at="2020-07-22T19:47:50 ART" duration-ms="193" status="PASS">
          <reporter-output>
          </reporter-output>
        </test-method> <!-- tearDown -->
        <test-method is-config="true" signature="setUp()[pri:0, instance:myTests.TestSearch@3cb1ffe6]" started-at="2020-07-22T19:47:50 ART" name="setUp" finished-at="2020-07-22T19:47:57 ART" duration-ms="6408" status="PASS">
          <reporter-output>
          </reporter-output>
        </test-method> <!-- setUp -->
        <test-method signature="searchNoresults()[pri:0, instance:myTests.TestSearch@3cb1ffe6]" started-at="2020-07-22T19:47:57 ART" name="searchNoresults" finished-at="2020-07-22T19:48:01 ART" duration-ms="4460" status="PASS">
          <reporter-output>
          </reporter-output>
        </test-method> <!-- searchNoresults -->
        <test-method is-config="true" signature="tearDown()[pri:0, instance:myTests.TestSearch@3cb1ffe6]" started-at="2020-07-22T19:48:01 ART" name="tearDown" finished-at="2020-07-22T19:48:01 ART" duration-ms="187" status="PASS">
          <reporter-output>
          </reporter-output>
        </test-method> <!-- tearDown -->
        <test-method is-config="true" signature="setUp()[pri:0, instance:myTests.TestSearch@3cb1ffe6]" started-at="2020-07-22T19:48:01 ART" name="setUp" finished-at="2020-07-22T19:48:08 ART" duration-ms="6376" status="PASS">
          <reporter-output>
          </reporter-output>
        </test-method> <!-- setUp -->
        <test-method signature="searchTshirts()[pri:0, instance:myTests.TestSearch@3cb1ffe6]" started-at="2020-07-22T19:48:08 ART" name="searchTshirts" finished-at="2020-07-22T19:48:13 ART" duration-ms="5059" status="PASS">
          <reporter-output>
          </reporter-output>
        </test-method> <!-- searchTshirts -->
        <test-method is-config="true" signature="tearDown()[pri:0, instance:myTests.TestSearch@3cb1ffe6]" started-at="2020-07-22T19:48:13 ART" name="tearDown" finished-at="2020-07-22T19:48:13 ART" duration-ms="195" status="PASS">
          <reporter-output>
          </reporter-output>
        </test-method> <!-- tearDown -->
      </class> <!-- myTests.TestSearch -->
    </test> <!-- Command line test -->
  </suite> <!-- myTests.TestSearch -->
</testng-results>
