<?xml version="1.0" encoding="UTF-8"?>
<testng-results ignored="6" total="7" passed="1" failed="0" skipped="0">
  <reporter-output>
  </reporter-output>
  <suite started-at="2020-08-05T20:49:05 ART" name="myTests.TestSearch" finished-at="2020-08-05T20:49:29 ART" duration-ms="23920">
    <groups>
      <group name="Group2">
        <method signature="TestSearch.clickOnCheckboxByText()[pri:0, instance:myTests.TestSearch@3cb1ffe6]" name="clickOnCheckboxByText" class="myTests.TestSearch"/>
      </group> <!-- Group2 -->
    </groups>
    <test started-at="2020-08-05T20:49:05 ART" name="Command line test" finished-at="2020-08-05T20:49:29 ART" duration-ms="23920">
      <class name="myTests.TestSearch">
        <test-method is-config="true" signature="beforeAll()[pri:0, instance:myTests.TestSearch@3cb1ffe6]" started-at="2020-08-05T20:49:05 ART" name="beforeAll" finished-at="2020-08-05T20:49:05 ART" duration-ms="12" status="PASS">
          <reporter-output>
          </reporter-output>
        </test-method> <!-- beforeAll -->
        <test-method is-config="true" signature="setUp()[pri:0, instance:myTests.TestSearch@3cb1ffe6]" started-at="2020-08-05T20:49:05 ART" name="setUp" finished-at="2020-08-05T20:49:17 ART" duration-ms="12544" status="PASS">
          <reporter-output>
          </reporter-output>
        </test-method> <!-- setUp -->
        <test-method signature="clickOnCheckboxByText()[pri:0, instance:myTests.TestSearch@3cb1ffe6]" started-at="2020-08-05T20:49:17 ART" name="clickOnCheckboxByText" description="Click on checkbox by link text" finished-at="2020-08-05T20:49:26 ART" duration-ms="8794" status="PASS">
          <reporter-output>
          </reporter-output>
        </test-method> <!-- clickOnCheckboxByText -->
        <test-method is-config="true" signature="tearDown(org.testng.ITestResult)[pri:0, instance:myTests.TestSearch@3cb1ffe6]" started-at="2020-08-05T20:49:26 ART" name="tearDown" finished-at="2020-08-05T20:49:29 ART" duration-ms="2531" status="PASS">
          <params>
            <param index="0">
              <value>
                <![CDATA[[TestResult name=clickOnCheckboxByText status=SUCCESS method=TestSearch.clickOnCheckboxByText()[pri:0, instance:myTests.TestSearch@3cb1ffe6] output={null}]]]>
              </value>
            </param>
          </params>
          <reporter-output>
          </reporter-output>
        </test-method> <!-- tearDown -->
        <test-method is-config="true" signature="afterAll()[pri:0, instance:myTests.TestSearch@3cb1ffe6]" started-at="2020-08-05T20:49:29 ART" name="afterAll" finished-at="2020-08-05T20:49:29 ART" duration-ms="1" status="PASS">
          <reporter-output>
          </reporter-output>
        </test-method> <!-- afterAll -->
      </class> <!-- myTests.TestSearch -->
    </test> <!-- Command line test -->
  </suite> <!-- myTests.TestSearch -->
</testng-results>
