<?xml version="1.0" encoding="UTF-8"?>
<!-- Generated by org.testng.reporters.JUnitXMLReporter -->
<testsuite ignored="6" hostname="Estefanias-MBP" failures="0" tests="1" name="Command line test" time="23.92" errors="0" timestamp="2020-08-05T20:49:29 ART">
  <testcase classname="myTests.TestSearch" name="clickOnCheckboxByText" time="8.794"/>
  <testcase classname="myTests.TestSearch" name="searchNoresults" time="0.0">
    <ignored/>
  </testcase> <!-- searchNoresults -->
  <testcase classname="myTests.TestSearch" name="clickOnCheckboxByIndex" time="0.0">
    <ignored/>
  </testcase> <!-- clickOnCheckboxByIndex -->
  <testcase classname="myTests.TestSearch" name="searchTshirts" time="0.0">
    <ignored/>
  </testcase> <!-- searchTshirts -->
  <testcase classname="myTests.TestSearch" name="searchDresses" time="0.0">
    <ignored/>
  </testcase> <!-- searchDresses -->
  <testcase classname="myTests.TestSearch" name="clickOnFirstCheckbox" time="0.0">
    <ignored/>
  </testcase> <!-- clickOnFirstCheckbox -->
  <testcase classname="myTests.TestSearch" name="clickOnAllCheckboxes" time="0.0">
    <ignored/>
  </testcase> <!-- clickOnAllCheckboxes -->
</testsuite> <!-- Command line test -->
