<?xml version="1.0" encoding="UTF-8"?>
<!-- Generated by org.testng.reporters.JUnitXMLReporter -->
<testsuite ignored="0" hostname="Estefanias-MBP" failures="0" tests="3" name="Command line test" time="33.172" errors="0" timestamp="2020-07-26T16:55:30 ART">
  <testcase classname="myTests.TestSearch" name="searchDresses" time="4.896"/>
  <testcase classname="myTests.TestSearch" name="searchNoresults" time="4.265"/>
  <testcase classname="myTests.TestSearch" name="searchTshirts" time="3.404"/>
</testsuite> <!-- Command line test -->
